
Showing logs for build [32mcb-kubecd-bdd-gh-1584772750-pr-gjf5q-1[0m stage [32mfrom-build-pack[0m and container [32mstep-credential-initializer-2xtr2[0m
{"level":"warn","ts":1584774474.2007587,"logger":"fallback-logger","caller":"logging/config.go:69","msg":"Fetch GitHub commit ID from kodata failed: \"ref: refs/heads/0.8.0-**-support-backwards-incompats\" is not a valid GitHub commit ID"}
{"level":"info","ts":1584774474.2012203,"logger":"fallback-logger","caller":"creds-init/main.go:40","msg":"Credentials initialized."}

Showing logs for build [32mcb-kubecd-bdd-gh-1584772750-pr-gjf5q-1[0m stage [32mfrom-build-pack[0m and container [32mstep-working-dir-initializer-cv2jl[0m
{"level":"warn","ts":1584774476.6875796,"logger":"fallback-logger","caller":"logging/config.go:69","msg":"Fetch GitHub commit ID from kodata failed: open /var/run/ko/HEAD: no such file or directory"}
{"level":"info","ts":1584774476.69027,"logger":"fallback-logger","caller":"bash/main.go:64","msg":"Successfully executed command \"sh -c mkdir -p /workspace/source\"; output "}

Showing logs for build [32mcb-kubecd-bdd-gh-1584772750-pr-gjf5q-1[0m stage [32mfrom-build-pack[0m and container [32mstep-place-tools[0m

Showing logs for build [32mcb-kubecd-bdd-gh-1584772750-pr-gjf5q-1[0m stage [32mfrom-build-pack[0m and container [32mstep-git-source-cb-kubecd-bdd-gh-1584772750-pr-gjf5q-vlp6d[0m
{"level":"warn","ts":1584774582.9707859,"logger":"fallback-logger","caller":"logging/config.go:69","msg":"Fetch GitHub commit ID from kodata failed: \"ref: refs/heads/0.8.0-**-support-backwards-incompats\" is not a valid GitHub commit ID"}
{"level":"info","ts":1584774584.0213501,"logger":"fallback-logger","caller":"git/git.go:103","msg":"Successfully cloned https://github.com/cb-kubecd/bdd-gh-1584772750.git @ master in path /workspace/source"}

Showing logs for build [32mcb-kubecd-bdd-gh-1584772750-pr-gjf5q-1[0m stage [32mfrom-build-pack[0m and container [32mstep-git-merge[0m
Using SHAs from PULL_REFS=master:5ecb31c8a983f8dd8ebfa9114c44b35e852fe76c,1:39b603a3ee79aa182fb40537a585ef7cfd3aa9ac
DEBUG: LC_ALL=C JX_LOG_LEVEL=error git fetch origin --unshallow 39b603a3ee79aa182fb40537a585ef7cfd3aa9ac: 5ecb31c8a983f8dd8ebfa9114c44b35e852fe76c:
DEBUG: ran git fetch --unshallow origin 39b603a3ee79aa182fb40537a585ef7cfd3aa9ac: 5ecb31c8a983f8dd8ebfa9114c44b35e852fe76c: in 
DEBUG: LC_ALL=C JX_LOG_LEVEL=error git branch
DEBUG: LC_ALL=C JX_LOG_LEVEL=error git checkout master
DEBUG: ran git checkout master in 
DEBUG: LC_ALL=C JX_LOG_LEVEL=error git reset --hard 5ecb31c8a983f8dd8ebfa9114c44b35e852fe76c
DEBUG: ran git reset --hard 5ecb31c8a983f8dd8ebfa9114c44b35e852fe76c in 
DEBUG: LC_ALL=C JX_LOG_LEVEL=error git clean -fd .
DEBUG: ran clean --force -d . in 
DEBUG: JX_LOG_LEVEL=error LC_ALL=C git merge 39b603a3ee79aa182fb40537a585ef7cfd3aa9ac
DEBUG: ran git merge 39b603a3ee79aa182fb40537a585ef7cfd3aa9ac in 
DEBUG: LC_ALL=C JX_LOG_LEVEL=error git log --format=%H%x1f%an%x1f%ae%x1f%cn%x1f%ce%x1f%s%n%b%x1e 5ecb31c8a983f8dd8ebfa9114c44b35e852fe76c..HEAD
Merged SHA 39b603a3ee79aa182fb40537a585ef7cfd3aa9ac with commit message 'My first PR commit' into base branch master

Showing logs for build [32mcb-kubecd-bdd-gh-1584772750-pr-gjf5q-1[0m stage [32mfrom-build-pack[0m and container [32mstep-build-make-linux[0m
CGO_ENABLED=0 GOOS=linux GOARCH=amd64 GO15VENDOREXPERIMENT=1 go build -ldflags '' -o bin/bdd-gh-1584772750 main.go

Showing logs for build [32mcb-kubecd-bdd-gh-1584772750-pr-gjf5q-1[0m stage [32mfrom-build-pack[0m and container [32mstep-build-container-build[0m
[36mINFO[0m[0000] No base image, nothing to extract            
[36mINFO[0m[0000] cmd: EXPOSE                                  
[36mINFO[0m[0000] Adding exposed port: 8080/tcp                
[36mINFO[0m[0000] Using files from context: [/workspace/source/bin] 
[36mINFO[0m[0000] Skipping unpacking as no commands require it. 
[36mINFO[0m[0000] Taking snapshot of full filesystem...        
[36mINFO[0m[0000] EXPOSE 8080                                  
[36mINFO[0m[0000] cmd: EXPOSE                                  
[36mINFO[0m[0000] Adding exposed port: 8080/tcp                
[36mINFO[0m[0000] No files changed in this command, skipping snapshotting. 
[36mINFO[0m[0000] ENTRYPOINT ["/bdd-gh-1584772750"]            
[36mINFO[0m[0000] No files changed in this command, skipping snapshotting. 
[36mINFO[0m[0000] Using files from context: [/workspace/source/bin] 
[36mINFO[0m[0000] COPY ./bin/ /                                
[36mINFO[0m[0000] Taking snapshot of files...                  
2020/03/21 07:10:00 pushed blob: sha256:d694d2bb9ba67f6062a776250574e9c47ada4384a6028bdca7f1da909e9d164a
2020/03/21 07:10:00 pushed blob: sha256:d48bd2694cf099ef0098790c235ef7c873413b37d766ad50ac259040663ead3d
2020/03/21 07:10:02 gcr.io/jenkins-x-bdd3/bdd-gh-1584772750:0.0.0-SNAPSHOT-PR-1-1: digest: sha256:bb0ad28a0032149c177071c764c0b80163d747bf8f2c1014bb925f11da70ef28 size: 428

Showing logs for build [32mcb-kubecd-bdd-gh-1584772750-pr-gjf5q-1[0m stage [32mfrom-build-pack[0m and container [32mstep-postbuild-post-build[0m
no CVE provider running in the current ** namespace so skip adding image to be analysed

Showing logs for build [32mcb-kubecd-bdd-gh-1584772750-pr-gjf5q-1[0m stage [32mfrom-build-pack[0m and container [32mstep-promote-make-preview[0m
sed -i -e "s/version:.*/version: 0.0.0-SNAPSHOT-PR-1-1/" Chart.yaml
sed -i -e "s/version:.*/version: 0.0.0-SNAPSHOT-PR-1-1/" ../*/Chart.yaml
sed -i -e "s|repository:.*|repository: gcr.io\/jenkins-x-bdd3\/bdd-gh-1584772750|" values.yaml
sed -i -e "s/tag:.*/tag: 0.0.0-SNAPSHOT-PR-1-1/" values.yaml
echo "  version: 0.0.0-SNAPSHOT-PR-1-1" >> requirements.yaml
** step helm build
WARNING: No $CHART_REPOSITORY defined so using the default value of: http://jenkins-x-chartmuseum:8080
Adding missing Helm repo: storage.googleapis.com https://storage.googleapis.com/chartmuseum.jenkins-x.io
WARNING: No secrets found on "helm/repos" due: reading the secret "helm/repos" from vault: no secret "helm/repos" not found in vault
Read credentials for https://storage.googleapis.com/chartmuseum.jenkins-x.io from vault helm/repos
Successfully added Helm repository storage.googleapis.com.
Adding missing Helm repo: jenkins-x-chartmuseum http://jenkins-x-chartmuseum:8080
WARNING: No secrets found on "helm/repos" due: reading the secret "helm/repos" from vault: no secret "helm/repos" not found in vault
Read credentials for http://jenkins-x-chartmuseum:8080 from vault helm/repos
Successfully added Helm repository jenkins-x-chartmuseum.
WARNING: No $CHART_REPOSITORY defined so using the default value of: http://jenkins-x-chartmuseum:8080
Adding missing Helm repo: chartmuseum.jenkins-x.io http://chartmuseum.jenkins-x.io
WARNING: No secrets found on "helm/repos" due: reading the secret "helm/repos" from vault: no secret "helm/repos" not found in vault
Read credentials for http://chartmuseum.jenkins-x.io from vault helm/repos
Successfully added Helm repository chartmuseum.jenkins-x.io.

Showing logs for build [32mcb-kubecd-bdd-gh-1584772750-pr-gjf5q-1[0m stage [32mfrom-build-pack[0m and container [32mstep-promote-jx-preview[0m
Creating a preview
Created environment cb-kubecd-bdd-gh-1584772750-pr-1
Namespace **-cb-kubecd-bdd-gh-1584772750-pr-1 created 
expose:
  Annotations:
    helm.sh/hook: post-install,post-upgrade
    helm.sh/hook-delete-policy: hook-succeeded
  config:
    domain: 34.76.229.96.nip.io
    exposer: Ingress
    http: "true"
preview:
  image:
    repository: gcr.io/jenkins-x-bdd3/bdd-gh-1584772750
    tag: 0.0.0-SNAPSHOT-PR-1-1

Updating PipelineActivities cb-kubecd-bdd-gh-1584772750-pr-1-1 which has status Running
Preview application is now available at: http://bdd-gh-1584772750.**-cb-kubecd-bdd-gh-1584772750-pr-1.34.76.229.96.nip.io
